*Forage Model Harvest Output: SPPI7902BR  DSSAT Cropping System Model Ver. 4.8.0.027   -release    FEB 01, 2024; 15:59:10

@RUN FILEX    CR TRNO FHNO YEAR DOY RCWAH RLWAH RSWAH RSRWH RRTWH RLAIH FHWAH FHNAH FHN%H FHC%H FHLGH FHL%H
   1 SPPI7902 BR    1    1 1981   7  3000   810  2190  2859  2682  1.37  7377    82  1.11  4.80  4.75  62.6
   1 SPPI7902 BR    1    2 1981  35  3000   810  2190  2698  3755  1.19  1107    14  1.30  4.43  4.35  82.4
   1 SPPI7902 BR    1    3 1981  63  3000   810  2190  2401  4204  1.10   543     8  1.45  3.17  4.21  89.6
   1 SPPI7902 BR    1    4 1981  91  3000   810  2190  2762  4326  1.15  1015    19  1.87  4.26  4.39  80.6
   1 SPPI7902 BR    1    5 1981 147  3000   810  2190  3594  3347  1.54  1875    36  1.93  3.48  4.49  75.4
   1 SPPI7902 BR    1    6 1981 203  3000   810  2190  3714  3342  1.45   892    22  2.48  3.06  4.21  89.4
   1 SPPI7902 BR    1    7 1981 259  3000   810  2190  4250  3629  1.36  1588    35  2.23  3.80  4.37  81.6
   1 SPPI7902 BR    1    8 1981 315  3000   810  2190  4131  5518  0.99  1520    22  1.42  5.07  4.49  75.6
   1 SPPI7902 BR    1    9 1981 343  3000   810  2190  4309  5748  1.16  2752    70  2.54  4.32  4.36  82.2
   1 SPPI7902 BR    1   10 1982   6  3000   810  2190  4259  7282  1.17  2428    47  1.94  4.63  4.36  81.9
   1 SPPI7902 BR    1   11 1982  34  3000   810  2190  3905  7319  1.06  1275    20  1.56  4.55  4.31  84.7
   1 SPPI7902 BR    1   12 1982  62  3000   810  2190  3844  7226  1.26  1361    24  1.74  3.94  4.30  85.1
   1 SPPI7902 BR    1   13 1982  90  3000   810  2190  4087  6924  1.36  1360    26  1.89  3.65  4.33  83.7
   1 SPPI7902 BR    1   14 1982 146  3000   810  2190  4249  6412  1.42  1499    24  1.62  3.05  4.42  79.0
   1 SPPI7902 BR    1   15 1982 202  3000   810  2190  3983  6003  1.43   536    12  2.23  2.70  4.18  91.2
   1 SPPI7902 BR    1   16 1982 258  3000   810  2190  4165  6179  1.35  1108    20  1.78  3.56  4.39  80.3
   1 SPPI7902 BR    1   17 1982 314  3000   810  2190  4088  7301  1.05  1347    20  1.46  5.78  4.52  73.9
   1 SPPI7902 BR    1   18 1982 342  3000   810  2190  4156  7374  1.19  2180    56  2.55  4.06  4.31  84.5
   1 SPPI7902 BR    1   19 1983   5  3000   810  2190  4222  7912  1.35  2928    57  1.94  4.33  4.40  80.2
   1 SPPI7902 BR    1   20 1983  33  3000   810  2190  4117  8174  1.36  2210    37  1.69  4.13  4.39  80.6
   1 SPPI7902 BR    1   21 1983  61  3000   810  2190  4027  8224  1.40  1425    25  1.75  3.58  4.32  84.0
   1 SPPI7902 BR    1   22 1983  89  3000   810  2190  4182  8209  1.31  1189    23  1.96  3.56  4.31  84.6
   1 SPPI7902 BR    1   23 1983 145  3000   810  2190  4196  7815  1.40  1235    22  1.75  2.87  4.34  82.8
   1 SPPI7902 BR    1   24 1983 201  2989   810  2179  3895  7547  1.42   126     3  2.21  2.50  4.00 100.0
   1 SPPI7902 BR    1   25 1983 257  3000   810  2190  3821  7239  1.41   523    12  2.33  2.68  4.19  90.4
   1 SPPI7902 BR    1   26 1983 313  3000   810  2190  4149  8199  1.24  2046    30  1.47  4.31  4.57  71.6
   1 SPPI7902 BR    1   27 1983 341  3000   810  2190  4140  8455  1.27  2192    47  2.13  4.13  4.37  81.4
   1 SPPI7902 BR    1   28 1984   4  3000   810  2190  3946  9095  1.27  2261    37  1.65  4.02  4.40  80.2
   1 SPPI7902 BR    1   29 1984  32  3000   810  2190  3751  9076  1.37  1902    32  1.66  3.87  4.43  78.7
   1 SPPI7902 BR    1   30 1984  60  3000   810  2190  3695  8663  1.47  1537    25  1.65  3.53  4.41  79.3
   1 SPPI7902 BR    1   31 1984  88  3000   810  2190  3860  8205  1.54  1208    24  2.00  3.46  4.36  81.9
   1 SPPI7902 BR    1   32 1984 144  3000   810  2190  3936  7573  1.62  1196    21  1.80  2.84  4.37  81.3
   1 SPPI7902 BR    1   33 1984 200  3000   810  2190  3693  7162  1.60   441    10  2.27  2.62  4.14  92.9
   1 SPPI7902 BR    1   34 1984 256  3000   810  2190  3864  6986  1.48   910    20  2.23  3.13  4.33  83.4
   1 SPPI7902 BR    1   35 1984 312  3000   810  2190  3824  7595  1.30  1746    25  1.40  3.65  4.59  70.4
   1 SPPI7902 BR    1   36 1984 340  3000   810  2190  3854  8308  1.23  1988    36  1.79  4.40  4.40  80.2
   1 SPPI7902 BR    1   37 1985   2  3000   810  2190  3667  9768  1.04  1414    20  1.43  7.23  4.47  76.5
   1 SPPI7902 BR    1   38 1985  30  3000   810  2190  3244  8263  1.06  1144    20  1.73  3.99  4.22  88.8
   1 SPPI7902 BR    1   39 1985  58  2965   810  2155  2729  5505  1.14   431     6  1.44  2.58  4.00 100.0
   1 SPPI7902 BR    1   40 1985  86  2907   810  2097  2497  3592  1.35   371     7  1.84  2.66  4.00 100.0
   1 SPPI7902 BR    1   41 1985 142  3000   810  2190  2719  3275  1.39   904    13  1.46  2.76  4.32  84.2
   1 SPPI7902 BR    1   42 1985 198  3000   810  2190  2794  3066  1.44   706    13  1.91  2.71  4.28  85.8
   1 SPPI7902 BR    1   43 1985 254  3000   810  2190  3203  3601  1.35  1274    20  1.61  3.45  4.47  76.7
   1 SPPI7902 BR    1   44 1985 310  3000   810  2190  3228  4802  1.18  1613    21  1.31  4.39  4.65  67.6
   1 SPPI7902 BR    1   45 1985 338  3000   810  2190  3083  5990  1.06  1288    19  1.45  4.84  4.43  78.7
   1 SPPI7902 BR    1   46 1986   1  3000   810  2190  2426  5496  1.02   405     7  1.72  3.11  4.23  88.4
   1 SPPI7902 BR    1   47 1986  29  3000   810  2190  2218  4037  1.24   747    16  2.16  3.25  4.15  92.3
   1 SPPI7902 BR    1   48 1986  57  3000   810  2190  2549  4154  1.43  1500    23  1.54  3.70  4.35  82.7
   1 SPPI7902 BR    1   49 1986  85  3000   810  2190  2857  4267  1.46  1179    19  1.58  3.64  4.38  81.2
   1 SPPI7902 BR    1   50 1986 141  3000   810  2190  3276  4074  1.70  1617    24  1.46  3.11  4.64  67.8
   1 SPPI7902 BR    1   51 1986 197  3000   810  2190  3378  3895  1.62  1075    21  1.95  2.82  4.44  78.2
   1 SPPI7902 BR    1   52 1986 253  3000   810  2190  3848  4241  1.50  1655    27  1.61  3.57  4.53  73.4
   1 SPPI7902 BR    1   53 1986 309  3000   810  2190  3827  5184  1.31  2027    26  1.26  4.17  4.65  67.3
   1 SPPI7902 BR    1   54 1986 337  3000   810  2190  3369  5525  1.28  1018    15  1.47  3.29  4.33  83.4
   1 SPPI7902 BR    1   55 1986 365  3000   810  2190  3135  6163  1.31  1384    22  1.60  4.19  4.47  76.5
   1 SPPI7902 BR    1   56 1987  28  3000   810  2190  3077  6738  1.31  1897    29  1.51  4.07  4.44  77.8
   1 SPPI7902 BR    1   57 1987  56  3000   810  2190  2894  6992  1.30   975    14  1.43  3.40  4.33  83.6
   1 SPPI7902 BR    1   58 1987  84  3000   810  2190  3010  6858  1.32  1015    16  1.57  3.28  4.38  81.0
   1 SPPI7902 BR    1   59 1987 140  3000   810  2190  3138  6028  1.72  1245    19  1.52  2.94  4.68  66.2
   1 SPPI7902 BR    1   60 1987 196  3000   810  2190  3124  5618  1.63   739    15  1.96  2.66  4.33  83.4
   1 SPPI7902 BR    1   61 1987 252  3000   810  2190  3609  5615  1.49  1527    27  1.75  3.55  4.54  73.0
   1 SPPI7902 BR    1   62 1987 308  3000   810  2190  3633  6261  1.35  1878    24  1.28  3.86  4.62  69.2
   1 SPPI7902 BR    1   63 1987 336  3000   810  2190  3259  6735  1.24  1025    15  1.51  3.77  4.39  80.5
   1 SPPI7902 BR    1   64 1987 364  3000   810  2190  2892  7076  1.21  1086    15  1.39  3.52  4.38  80.9
   1 SPPI7902 BR    1   65 1988  27  3000   810  2190  2715  7648  1.17  1189    16  1.38  3.97  4.44  78.2
   1 SPPI7902 BR    1   66 1988  55  3000   810  2190  2561  7742  1.12   808    12  1.43  3.39  4.32  84.2
   1 SPPI7902 BR    1   67 1988  83  3000   810  2190  2528  7412  1.25   703    10  1.42  2.85  4.34  83.1
   1 SPPI7902 BR    1   68 1988 139  3000   810  2190  2540  6941  1.32   739    11  1.46  2.65  4.46  76.9
   1 SPPI7902 BR    1   69 1988 195  3000   810  2190  2457  6711  1.33   176     4  2.04  2.45  4.06  96.8
   1 SPPI7902 BR    1   70 1988 251  3000   810  2190  2860  6757  1.26   982    21  2.11  3.41  4.37  81.7
   1 SPPI7902 BR    1   71 1988 307  3000   810  2190  3113  7963  1.05  1320    18  1.34  6.19  4.57  71.7
   1 SPPI7902 BR    1   72 1988 335  3000   810  2190  2781  8377  0.92   678    10  1.51  4.37  4.24  88.0
   1 SPPI7902 BR    1   73 1988 363  3000   810  2190  2280  8200  0.89   311     4  1.35  3.35  4.12  94.0
   1 SPPI7902 BR    1   74 1989  25  3000   810  2190  1893  6371  0.93   196     2  1.25  2.69  4.04  98.2
   1 SPPI7902 BR    1   75 1989  53  2975   821  2154  1577  4494  1.00     0     0  0.00  0.00  0.00   0.0
   1 SPPI7902 BR    1   76 1989  81  2669   612  2057  1258  2380  0.78     0     0  0.00  0.00  0.00   0.0
   1 SPPI7902 BR    1   77 1989 137  2796   661  2134  1148   946  0.98     0     0  0.00  0.00  0.00   0.0
   1 SPPI7902 BR    1   78 1989 193  2939   708  2232  1146   458  1.03     0     0  0.00  0.00  0.00   0.0
   1 SPPI7902 BR    1   79 1989 249  3000   810  2190  1303   541  1.14   375     4  0.94  4.08  5.32  34.1
   1 SPPI7902 BR    1   80 1989 305  3000   810  2190  1479  1485  0.91   670     6  0.93  9.32  4.87  56.3
   1 SPPI7902 BR    1   81 1989 333  2985   862  2123  1265  1451  0.90     0     0  0.00  0.00  0.00   0.0
   1 SPPI7902 BR    1   82 1989 361  2927   823  2105  1050  1461  0.83     0     0  0.00  0.00  0.00   0.0
   1 SPPI7902 BR    1   83 1990  24  2466   570  1896   779   742  0.59     0     0  0.00  0.00  0.00   0.0
   1 SPPI7902 BR    1   84 1990  52  2819   801  2018   804   797  1.08     0     0  0.00  0.00  0.00   0.0
   1 SPPI7902 BR    1   85 1990  80  3000   810  2190  1154  1352  1.24   579     8  1.30  4.43  4.66  66.8
   1 SPPI7902 BR    1   86 1990 136  3000   810  2190  1935  2050  1.44  1323    19  1.42  3.32  4.58  71.2
   1 SPPI7902 BR    1   87 1990 192  3000   810  2190  2298  2218  1.45   920    18  1.99  2.92  4.28  86.2
   1 SPPI7902 BR    1   88 1990 248  3000   810  2190  2743  2964  1.26  1125    20  1.76  4.03  4.40  80.2
   1 SPPI7902 BR    1   89 1990 304  3000   810  2190  2902  4325  1.20  1412    18  1.27  5.47  4.62  69.0
   1 SPPI7902 BR    1   90 1990 332  3000   810  2190  2641  4915  1.17   961    14  1.44  3.89  4.33  83.5
   1 SPPI7902 BR    1   91 1990 360  3000   810  2190  2358  5657  1.06   836    11  1.33  4.14  4.40  79.8
   1 SPPI7902 BR    1   92 1991  23  3000   810  2190  2062  6063  0.91   430     5  1.18  5.78  4.60  69.8
   1 SPPI7902 BR    1   93 1991  51  2902   797  2105  1676  5027  0.86     0     0  0.00  0.00  0.00   0.0
   1 SPPI7902 BR    1   94 1991  79  2631   629  2002  1324  2939  0.75     0     0  0.00  0.00  0.00   0.0
   1 SPPI7902 BR    1   95 1991 135  2352   425  1927   979  1668  0.53     0     0  0.00  0.00  0.00   0.0
   1 SPPI7902 BR    1   96 1991 191  2211   321  1891   801  1478  0.40     0     0  0.00  0.00  0.00   0.0
   1 SPPI7902 BR    1   97 1991 247  2112   246  1866   664  1350  0.31     0     0  0.00  0.00  0.00   0.0
   1 SPPI7902 BR    1   98 1991 303  2009   168  1842   506  1191  0.21     0     0  0.00  0.00  0.00   0.0
   1 SPPI7902 BR    1   99 1991 331  1962   131  1831   426  1092  0.17     0     0  0.00  0.00  0.00   0.0
   1 SPPI7902 BR    1  100 1991 359  1913    94  1819   336   979  0.12     0     0  0.00  0.00  0.00   0.0
   1 SPPI7902 BR    1  101 1992  22  1881    69  1812   270   882  0.09     0     0  0.00  0.00  0.00   0.0
   1 SPPI7902 BR    1  102 1992  50  1854    49  1806   211   788  0.06     0     0  0.00  0.00  0.00   0.0
   1 SPPI7902 BR    1  103 1992  78  1837    35  1802   168   710  0.04     0     0  0.00  0.00  0.00   0.0
   1 SPPI7902 BR    1  104 1992 134  1821    22  1798   122   607  0.03     0     0  0.00  0.00  0.00   0.0
   1 SPPI7902 BR    1  105 1992 190  1815    18  1797   104   565  0.02     0     0  0.00  0.00  0.00   0.0
   1 SPPI7902 BR    1  106 1992 246  1811    15  1796    92   531  0.02     0     0  0.00  0.00  0.00   0.0
   1 SPPI7902 BR    1  107 1992 302  1805    10  1795    71   469  0.01     0     0  0.00  0.00  0.00   0.0
   1 SPPI7902 BR    1  108 1992 330  1802     8  1794    61   428  0.01     0     0  0.00  0.00  0.00   0.0
   1 SPPI7902 BR    1  109 1992 358  1800     6  1793    49   387  0.01     0     0  0.00  0.00  0.00   0.0
   1 SPPI7902 BR    1  110 1993  20  1797     4  1793    39   348  0.01     0     0  0.00  0.00  0.00   0.0
   1 SPPI7902 BR    1  111 1993  48  1796     3  1793    31   312  0.00     0     0  0.00  0.00  0.00   0.0
   1 SPPI7902 BR    1  112 1993  76  1795     2  1792    25   284  0.00     0     0  0.00  0.00  0.00   0.0
   1 SPPI7902 BR    1  113 1993 104  1794     2  1792    21   254  0.00     0     0  0.00  0.00  0.00   0.0
   1 SPPI7902 BR    1  114 1993 160  1793     1  1792    16   227  0.00     0     0  0.00  0.00  0.00   0.0
   1 SPPI7902 BR    1  115 1993 216  1793     1  1792    14   215  0.00     0     0  0.00  0.00  0.00   0.0
   1 SPPI7902 BR    1  116 1993 272  1793     1  1792    12   195  0.00     0     0  0.00  0.00  0.00   0.0
   1 SPPI7902 BR    1  117 1993 328  1792     1  1792     8   165  0.00     0     0  0.00  0.00  0.00   0.0
   1 SPPI7902 BR    1  118 1993 356  1792     0  1792     7   149  0.00     0     0  0.00  0.00  0.00   0.0
   1 SPPI7902 BR    1  119 1994  19  1792     0  1792     6   134  0.00     0     0  0.00  0.00  0.00   0.0
   1 SPPI7902 BR    1  120 1994  47  1792     0  1792     5   121  0.00     0     0  0.00  0.00  0.00   0.0
   1 SPPI7902 BR    1  121 1994  75  1792     0  1792     4   108  0.00     0     0  0.00  0.00  0.00   0.0
   1 SPPI7902 BR    1  122 1994 103  1792     0  1792     3   101  0.00     0     0  0.00  0.00  0.00   0.0
   1 SPPI7902 BR    1  123 1994 159  1792     0  1792     2    89  0.00     0     0  0.00  0.00  0.00   0.0
   1 SPPI7902 BR    1  124 1994 215  1792     0  1792     2    83  0.00     0     0  0.00  0.00  0.00   0.0
   1 SPPI7902 BR    1  125 1994 271  1792     0  1792     2    76  0.00     0     0  0.00  0.00  0.00   0.0
   1 SPPI7902 BR    1  126 1994 327  1792     0  1792     1    65  0.00     0     0  0.00  0.00  0.00   0.0
   1 SPPI7902 BR    1  127 1994 355  1792     0  1792     1    59  0.00     0     0  0.00  0.00  0.00   0.0
   1 SPPI7902 BR    1  128 1995  18  1792     0  1792     1    52  0.00     0     0  0.00  0.00  0.00   0.0
   1 SPPI7902 BR    1  129 1995  46  1792     0  1792     1    47  0.00     0     0  0.00  0.00  0.00   0.0
   1 SPPI7902 BR    1  130 1995  74  1792     0  1792     1    42  0.00     0     0  0.00  0.00  0.00   0.0
   1 SPPI7902 BR    1  131 1995 102  1792     0  1792     0    39  0.00     0     0  0.00  0.00  0.00   0.0
   1 SPPI7902 BR    1  132 1995 158  1792     0  1792     0    35  0.00     0     0  0.00  0.00  0.00   0.0
   1 SPPI7902 BR    1  133 1995 214  1792     0  1792     0    32  0.00     0     0  0.00  0.00  0.00   0.0
   1 SPPI7902 BR    1  134 1995 270  1792     0  1792     0    29  0.00     0     0  0.00  0.00  0.00   0.0
   1 SPPI7902 BR    1  135 1995 326  1792     0  1792     0    24  0.00     0     0  0.00  0.00  0.00   0.0
   1 SPPI7902 BR    1  136 1995 354  1792     0  1792     0    22  0.00     0     0  0.00  0.00  0.00   0.0
   1 SPPI7902 BR    1  137 1996  17  1792     0  1792     0    20  0.00     0     0  0.00  0.00  0.00   0.0
   1 SPPI7902 BR    1  138 1996  45  1792     0  1792     0    18  0.00     0     0  0.00  0.00  0.00   0.0
   1 SPPI7902 BR    1  139 1996  73  1792     0  1792     0    16  0.00     0     0  0.00  0.00  0.00   0.0
   1 SPPI7902 BR    1  140 1996 101  1792     0  1792     0    15  0.00     0     0  0.00  0.00  0.00   0.0
   1 SPPI7902 BR    1  141 1996 157  1792     0  1792     0    14  0.00     0     0  0.00  0.00  0.00   0.0
   1 SPPI7902 BR    1  142 1996 213  1792     0  1792     0    13  0.00     0     0  0.00  0.00  0.00   0.0
   1 SPPI7902 BR    1  143 1996 269  1792     0  1792     0    12  0.00     0     0  0.00  0.00  0.00   0.0
   1 SPPI7902 BR    1  144 1996 325  1792     0  1792     0    11  0.00     0     0  0.00  0.00  0.00   0.0
   1 SPPI7902 BR    1  145 1996 353  1792     0  1792     0    10  0.00     0     0  0.00  0.00  0.00   0.0
   1 SPPI7902 BR    1  146 1997  15  1792     0  1792     0     9  0.00     0     0  0.00  0.00  0.00   0.0
   1 SPPI7902 BR    1  147 1997  43  1792     0  1792     0     8  0.00     0     0  0.00  0.00  0.00   0.0
   1 SPPI7902 BR    1  148 1997  71  1792     0  1792     0     7  0.00     0     0  0.00  0.00  0.00   0.0
   1 SPPI7902 BR    1  149 1997  99  1792     0  1792     0     7  0.00     0     0  0.00  0.00  0.00   0.0
   1 SPPI7902 BR    1  150 1997 155  1792     0  1792     0     6  0.00     0     0  0.00  0.00  0.00   0.0
   1 SPPI7902 BR    1  151 1997 211  1792     0  1792     0     6  0.00     0     0  0.00  0.00  0.00   0.0
   1 SPPI7902 BR    1  152 1997 267  1792     0  1792     0     5  0.00     0     0  0.00  0.00  0.00   0.0
   1 SPPI7902 BR    1  153 1997 323  1792     0  1792     0     4  0.00     0     0  0.00  0.00  0.00   0.0
   1 SPPI7902 BR    1  154 1997 351  1792     0  1792     0     4  0.00     0     0  0.00  0.00  0.00   0.0
   1 SPPI7902 BR    1  155 1998  14  1792     0  1792     0     4  0.00     0     0  0.00  0.00  0.00   0.0
   1 SPPI7902 BR    1  156 1998  42  1792     0  1792     0     3  0.00     0     0  0.00  0.00  0.00   0.0
   1 SPPI7902 BR    1  157 1998  70  1792     0  1792     0     3  0.00     0     0  0.00  0.00  0.00   0.0
   1 SPPI7902 BR    1  158 1998  98  1792     0  1792     0     3  0.00     0     0  0.00  0.00  0.00   0.0
   1 SPPI7902 BR    1  159 1998 154  1792     0  1792     0     3  0.00     0     0  0.00  0.00  0.00   0.0
   1 SPPI7902 BR    1  160 1998 210  1792     0  1792     0     2  0.00     0     0  0.00  0.00  0.00   0.0
   1 SPPI7902 BR    1  161 1998 266  1792     0  1792     0     2  0.00     0     0  0.00  0.00  0.00   0.0
   1 SPPI7902 BR    1  162 1998 322  1792     0  1792     0     2  0.00     0     0  0.00  0.00  0.00   0.0
   1 SPPI7902 BR    1  163 1998 350  1792     0  1792     0     2  0.00     0     0  0.00  0.00  0.00   0.0
   1 SPPI7902 BR    1  164 1999  13  1792     0  1792     0     2  0.00     0     0  0.00  0.00  0.00   0.0
   1 SPPI7902 BR    1  165 1999  41  1792     0  1792     0     2  0.00     0     0  0.00  0.00  0.00   0.0
   1 SPPI7902 BR    1  166 1999  69  1792     0  1792     0     1  0.00     0     0  0.00  0.00  0.00   0.0
   1 SPPI7902 BR    1  167 1999  97  1792     0  1792     0     1  0.00     0     0  0.00  0.00  0.00   0.0
   1 SPPI7902 BR    1  168 1999 153  1792     0  1792     0     1  0.00     0     0  0.00  0.00  0.00   0.0
   1 SPPI7902 BR    1  169 1999 209  1792     0  1792     0     1  0.00     0     0  0.00  0.00  0.00   0.0
   1 SPPI7902 BR    1  170 1999 265  1792     0  1792     0     1  0.00     0     0  0.00  0.00  0.00   0.0
   1 SPPI7902 BR    1  171 1999 321  1792     0  1792     0     1  0.00     0     0  0.00  0.00  0.00   0.0
   1 SPPI7902 BR    1  172 1999 349  1792     0  1792     0     1  0.00     0     0  0.00  0.00  0.00   0.0
   1 SPPI7902 BR    1  173 2000  12  1792     0  1792     0     1  0.00     0     0  0.00  0.00  0.00   0.0
   1 SPPI7902 BR    1  174 2000  40  1792     0  1792     0     1  0.00     0     0  0.00  0.00  0.00   0.0
   1 SPPI7902 BR    1  175 2000  68  1792     0  1792     0     1  0.00     0     0  0.00  0.00  0.00   0.0
   1 SPPI7902 BR    1  176 2000  96  1792     0  1792     0     1  0.00     0     0  0.00  0.00  0.00   0.0
   1 SPPI7902 BR    1  177 2000 152  1792     0  1792     0     0  0.00     0     0  0.00  0.00  0.00   0.0
   1 SPPI7902 BR    1  178 2000 208  1792     0  1792     0     0  0.00     0     0  0.00  0.00  0.00   0.0
   1 SPPI7902 BR    1  179 2000 264  1792     0  1792     0     0  0.00     0     0  0.00  0.00  0.00   0.0
   1 SPPI7902 BR    1  180 2000 320  1792     0  1792     0     0  0.00     0     0  0.00  0.00  0.00   0.0
   1 SPPI7902 BR    1  181 2000 348  1792     0  1792     0     0  0.00     0     0  0.00  0.00  0.00   0.0
   1 SPPI7902 BR    1  182 2001  10  1792     0  1792     0     0  0.00     0     0  0.00  0.00  0.00   0.0
   1 SPPI7902 BR    1  183 2001  38  1792     0  1792     0     0  0.00     0     0  0.00  0.00  0.00   0.0
   1 SPPI7902 BR    1  184 2001  66  1792     0  1792     0     0  0.00     0     0  0.00  0.00  0.00   0.0
   1 SPPI7902 BR    1  185 2001  94  1792     0  1792     0     0  0.00     0     0  0.00  0.00  0.00   0.0
   1 SPPI7902 BR    1  186 2001 150  1792     0  1792     0     0  0.00     0     0  0.00  0.00  0.00   0.0
   1 SPPI7902 BR    1  187 2001 206  1792     0  1792     0     0  0.00     0     0  0.00  0.00  0.00   0.0
   1 SPPI7902 BR    1  188 2001 262  1792     0  1792     0     0  0.00     0     0  0.00  0.00  0.00   0.0
   1 SPPI7902 BR    1  189 2001 318  1792     0  1792     0     0  0.00     0     0  0.00  0.00  0.00   0.0
   1 SPPI7902 BR    1  190 2001 346  1792     0  1792     0     0  0.00     0     0  0.00  0.00  0.00   0.0
   1 SPPI7902 BR    1  191 2002   9  1792     0  1792     0     0  0.00     0     0  0.00  0.00  0.00   0.0
   1 SPPI7902 BR    1  192 2002  37  1792     0  1792     0     0  0.00     0     0  0.00  0.00  0.00   0.0
   1 SPPI7902 BR    1  193 2002  65  1792     0  1792     0     0  0.00     0     0  0.00  0.00  0.00   0.0
   1 SPPI7902 BR    1  194 2002  93  1792     0  1792     0     0  0.00     0     0  0.00  0.00  0.00   0.0
   1 SPPI7902 BR    1  195 2002 149  1792     0  1792     0     0  0.00     0     0  0.00  0.00  0.00   0.0
   1 SPPI7902 BR    1  196 2002 205  1792     0  1792     0     0  0.00     0     0  0.00  0.00  0.00   0.0
   1 SPPI7902 BR    1  197 2002 261  1792     0  1792     0     0  0.00     0     0  0.00  0.00  0.00   0.0
   1 SPPI7902 BR    1  198 2002 317  1792     0  1792     0     0  0.00     0     0  0.00  0.00  0.00   0.0
   1 SPPI7902 BR    1  199 2002 345  1792     0  1792     0     0  0.00     0     0  0.00  0.00  0.00   0.0
   1 SPPI7902 BR    1  200 2003   8  1792     0  1792     0     0  0.00     0     0  0.00  0.00  0.00   0.0
   1 SPPI7902 BR    1  201 2003  36  1792     0  1792     0     0  0.00     0     0  0.00  0.00  0.00   0.0
   1 SPPI7902 BR    1  202 2003  64  1792     0  1792     0     0  0.00     0     0  0.00  0.00  0.00   0.0
   1 SPPI7902 BR    1  203 2003  92  1792     0  1792     0     0  0.00     0     0  0.00  0.00  0.00   0.0
   1 SPPI7902 BR    1  204 2003 148  1792     0  1792     0     0  0.00     0     0  0.00  0.00  0.00   0.0
   1 SPPI7902 BR    1  205 2003 204  1792     0  1792     0     0  0.00     0     0  0.00  0.00  0.00   0.0
   1 SPPI7902 BR    1  206 2003 260  1792     0  1792     0     0  0.00     0     0  0.00  0.00  0.00   0.0
   1 SPPI7902 BR    1  207 2003 316  1792     0  1792     0     0  0.00     0     0  0.00  0.00  0.00   0.0
   1 SPPI7902 BR    1  208 2003 344  1792     0  1792     0     0  0.00     0     0  0.00  0.00  0.00   0.0
   1 SPPI7902 BR    1  209 2004   7  1792     0  1792     0     0  0.00     0     0  0.00  0.00  0.00   0.0
   1 SPPI7902 BR    1  210 2004  35  1792     0  1792     0     0  0.00     0     0  0.00  0.00  0.00   0.0
   1 SPPI7902 BR    1  211 2004  63  1792     0  1792     0     0  0.00     0     0  0.00  0.00  0.00   0.0
   1 SPPI7902 BR    1  212 2004  91  1792     0  1792     0     0  0.00     0     0  0.00  0.00  0.00   0.0
   1 SPPI7902 BR    1  213 2004 147  1792     0  1792     0     0  0.00     0     0  0.00  0.00  0.00   0.0
   1 SPPI7902 BR    1  214 2004 203  1792     0  1792     0     0  0.00     0     0  0.00  0.00  0.00   0.0
   1 SPPI7902 BR    1  215 2004 259  1792     0  1792     0     0  0.00     0     0  0.00  0.00  0.00   0.0
   1 SPPI7902 BR    1  216 2004 315  1792     0  1792     0     0  0.00     0     0  0.00  0.00  0.00   0.0
   1 SPPI7902 BR    1  217 2004 343  1792     0  1792     0     0  0.00     0     0  0.00  0.00  0.00   0.0
   1 SPPI7902 BR    1  218 2005   5  1792     0  1792     0     0  0.00     0     0  0.00  0.00  0.00   0.0
   1 SPPI7902 BR    1  219 2005  33  1792     0  1792     0     0  0.00     0     0  0.00  0.00  0.00   0.0
   1 SPPI7902 BR    1  220 2005  61  1792     0  1792     0     0  0.00     0     0  0.00  0.00  0.00   0.0
   1 SPPI7902 BR    1  221 2005  89  1792     0  1792     0     0  0.00     0     0  0.00  0.00  0.00   0.0
   1 SPPI7902 BR    1  222 2005 145  1792     0  1792     0     0  0.00     0     0  0.00  0.00  0.00   0.0
   1 SPPI7902 BR    1  223 2005 201  1792     0  1792     0     0  0.00     0     0  0.00  0.00  0.00   0.0
   1 SPPI7902 BR    1  224 2005 257  1792     0  1792     0     0  0.00     0     0  0.00  0.00  0.00   0.0
   1 SPPI7902 BR    1  225 2005 313  1792     0  1792     0     0  0.00     0     0  0.00  0.00  0.00   0.0
   1 SPPI7902 BR    1  226 2005 341  1792     0  1792     0     0  0.00     0     0  0.00  0.00  0.00   0.0
   1 SPPI7902 BR    1  227 2006   4  1792     0  1792     0     0  0.00     0     0  0.00  0.00  0.00   0.0
   1 SPPI7902 BR    1  228 2006  32  1792     0  1792     0     0  0.00     0     0  0.00  0.00  0.00   0.0
   1 SPPI7902 BR    1  229 2006  60  1792     0  1792     0     0  0.00     0     0  0.00  0.00  0.00   0.0
   1 SPPI7902 BR    1  230 2006  88  1792     0  1792     0     0  0.00     0     0  0.00  0.00  0.00   0.0
   1 SPPI7902 BR    1  231 2006 144  1792     0  1792     0     0  0.00     0     0  0.00  0.00  0.00   0.0
   1 SPPI7902 BR    1  232 2006 200  1792     0  1792     0     0  0.00     0     0  0.00  0.00  0.00   0.0
   1 SPPI7902 BR    1  233 2006 256  1792     0  1792     0     0  0.00     0     0  0.00  0.00  0.00   0.0
   1 SPPI7902 BR    1  234 2006 312  1792     0  1792     0     0  0.00     0     0  0.00  0.00  0.00   0.0
   1 SPPI7902 BR    1  235 2006 340  1792     0  1792     0     0  0.00     0     0  0.00  0.00  0.00   0.0
   1 SPPI7902 BR    1  236 2007   3  1792     0  1792     0     0  0.00     0     0  0.00  0.00  0.00   0.0
   1 SPPI7902 BR    1  237 2007  31  1792     0  1792     0     0  0.00     0     0  0.00  0.00  0.00   0.0
   1 SPPI7902 BR    1  238 2007  59  1792     0  1792     0     0  0.00     0     0  0.00  0.00  0.00   0.0
   1 SPPI7902 BR    1  239 2007  87  1792     0  1792     0     0  0.00     0     0  0.00  0.00  0.00   0.0
   1 SPPI7902 BR    1  240 2007 143  1792     0  1792     0     0  0.00     0     0  0.00  0.00  0.00   0.0
   1 SPPI7902 BR    1  241 2007 199  1792     0  1792     0     0  0.00     0     0  0.00  0.00  0.00   0.0
   1 SPPI7902 BR    1  242 2007 255  1792     0  1792     0     0  0.00     0     0  0.00  0.00  0.00   0.0
   1 SPPI7902 BR    1  243 2007 311  1792     0  1792     0     0  0.00     0     0  0.00  0.00  0.00   0.0
   1 SPPI7902 BR    1  244 2007 339  1792     0  1792     0     0  0.00     0     0  0.00  0.00  0.00   0.0
   1 SPPI7902 BR    1  245 2008   2  1792     0  1792     0     0  0.00     0     0  0.00  0.00  0.00   0.0
   1 SPPI7902 BR    1  246 2008  30  1792     0  1792     0     0  0.00     0     0  0.00  0.00  0.00   0.0
   1 SPPI7902 BR    1  247 2008  58  1792     0  1792     0     0  0.00     0     0  0.00  0.00  0.00   0.0
   1 SPPI7902 BR    1  248 2008  86  1792     0  1792     0     0  0.00     0     0  0.00  0.00  0.00   0.0
   1 SPPI7902 BR    1  249 2008 142  1792     0  1792     0     0  0.00     0     0  0.00  0.00  0.00   0.0
   1 SPPI7902 BR    1  250 2008 198  1792     0  1792     0     0  0.00     0     0  0.00  0.00  0.00   0.0
   1 SPPI7902 BR    1  251 2008 254  1792     0  1792     0     0  0.00     0     0  0.00  0.00  0.00   0.0
   1 SPPI7902 BR    1  252 2008 310  1792     0  1792     0     0  0.00     0     0  0.00  0.00  0.00   0.0
   1 SPPI7902 BR    1  253 2008 338  1792     0  1792     0     0  0.00     0     0  0.00  0.00  0.00   0.0
   1 SPPI7902 BR    1  254 2008 366  1792     0  1792     0     0  0.00     0     0  0.00  0.00  0.00   0.0
   1 SPPI7902 BR    1  255 2009  28  1792     0  1792     0     0  0.00     0     0  0.00  0.00  0.00   0.0
   1 SPPI7902 BR    1  256 2009  56  1792     0  1792     0     0  0.00     0     0  0.00  0.00  0.00   0.0
   1 SPPI7902 BR    1  257 2009  84  1792     0  1792     0     0  0.00     0     0  0.00  0.00  0.00   0.0
   1 SPPI7902 BR    1  258 2009 140  1792     0  1792     0     0  0.00     0     0  0.00  0.00  0.00   0.0
   1 SPPI7902 BR    1  259 2009 196  1792     0  1792     0     0  0.00     0     0  0.00  0.00  0.00   0.0
   1 SPPI7902 BR    1  260 2009 252  1792     0  1792     0     0  0.00     0     0  0.00  0.00  0.00   0.0
   1 SPPI7902 BR    1  261 2009 308  1792     0  1792     0     0  0.00     0     0  0.00  0.00  0.00   0.0
   1 SPPI7902 BR    1  262 2009 336  1792     0  1792     0     0  0.00     0     0  0.00  0.00  0.00   0.0
   1 SPPI7902 BR    1  263 2009 364  1792     0  1792     0     0  0.00     0     0  0.00  0.00  0.00   0.0
   1 SPPI7902 BR    1  264 2010  27  1792     0  1792     0     0  0.00     0     0  0.00  0.00  0.00   0.0
   1 SPPI7902 BR    1  265 2010  55  1792     0  1792     0     0  0.00     0     0  0.00  0.00  0.00   0.0
   1 SPPI7902 BR    1  266 2010  83  1792     0  1792     0     0  0.00     0     0  0.00  0.00  0.00   0.0
   1 SPPI7902 BR    1  267 2010 139  1792     0  1792     0     0  0.00     0     0  0.00  0.00  0.00   0.0
   1 SPPI7902 BR    1  268 2010 195  1792     0  1792     0     0  0.00     0     0  0.00  0.00  0.00   0.0
   1 SPPI7902 BR    1  269 2010 251  1792     0  1792     0     0  0.00     0     0  0.00  0.00  0.00   0.0
   1 SPPI7902 BR    1  270 2010 307  1792     0  1792     0     0  0.00     0     0  0.00  0.00  0.00   0.0
   1 SPPI7902 BR    1  271 2010 335  1792     0  1792     0     0  0.00     0     0  0.00  0.00  0.00   0.0
   1 SPPI7902 BR    1  272 2010 363  1792     0  1792     0     0  0.00     0     0  0.00  0.00  0.00   0.0
   1 SPPI7902 BR    1  273 2011  26  1792     0  1792     0     0  0.00     0     0  0.00  0.00  0.00   0.0
   1 SPPI7902 BR    1  274 2011  54  1792     0  1792     0     0  0.00     0     0  0.00  0.00  0.00   0.0
   1 SPPI7902 BR    1  275 2011  82  1792     0  1792     0     0  0.00     0     0  0.00  0.00  0.00   0.0
   1 SPPI7902 BR    1  276 2011 138  1792     0  1792     0     0  0.00     0     0  0.00  0.00  0.00   0.0
   1 SPPI7902 BR    1  277 2011 194  1792     0  1792     0     0  0.00     0     0  0.00  0.00  0.00   0.0
   1 SPPI7902 BR    1  278 2011 250  1792     0  1792     0     0  0.00     0     0  0.00  0.00  0.00   0.0
   1 SPPI7902 BR    1  279 2011 306  1792     0  1792     0     0  0.00     0     0  0.00  0.00  0.00   0.0
   1 SPPI7902 BR    1  280 2011 334  1792     0  1792     0     0  0.00     0     0  0.00  0.00  0.00   0.0
   1 SPPI7902 BR    1  281 2011 362  1792     0  1792     0     0  0.00     0     0  0.00  0.00  0.00   0.0
   1 SPPI7902 BR    1  282 2012  25  1792     0  1792     0     0  0.00     0     0  0.00  0.00  0.00   0.0
   1 SPPI7902 BR    1  283 2012  53  1792     0  1792     0     0  0.00     0     0  0.00  0.00  0.00   0.0
   1 SPPI7902 BR    1  284 2012  81  1792     0  1792     0     0  0.00     0     0  0.00  0.00  0.00   0.0
   1 SPPI7902 BR    1  285 2012 137  1792     0  1792     0     0  0.00     0     0  0.00  0.00  0.00   0.0
   1 SPPI7902 BR    1  286 2012 193  1792     0  1792     0     0  0.00     0     0  0.00  0.00  0.00   0.0
   1 SPPI7902 BR    1  287 2012 249  1792     0  1792     0     0  0.00     0     0  0.00  0.00  0.00   0.0
   1 SPPI7902 BR    1  288 2012 305  1792     0  1792     0     0  0.00     0     0  0.00  0.00  0.00   0.0
   1 SPPI7902 BR    1  289 2012 333  1792     0  1792     0     0  0.00     0     0  0.00  0.00  0.00   0.0
   1 SPPI7902 BR    1  290 2012 361  1792     0  1792     0     0  0.00     0     0  0.00  0.00  0.00   0.0
   1 SPPI7902 BR    1  291 2013  23  1792     0  1792     0     0  0.00     0     0  0.00  0.00  0.00   0.0
   1 SPPI7902 BR    1  292 2013  51  1792     0  1792     0     0  0.00     0     0  0.00  0.00  0.00   0.0
   1 SPPI7902 BR    1  293 2013  79  1792     0  1792     0     0  0.00     0     0  0.00  0.00  0.00   0.0
   1 SPPI7902 BR    1  294 2013 135  1792     0  1792     0     0  0.00     0     0  0.00  0.00  0.00   0.0
   1 SPPI7902 BR    1  295 2013 191  1792     0  1792     0     0  0.00     0     0  0.00  0.00  0.00   0.0
   1 SPPI7902 BR    1  296 2013 247  1792     0  1792     0     0  0.00     0     0  0.00  0.00  0.00   0.0
   1 SPPI7902 BR    1  297 2013 303  1792     0  1792     0     0  0.00     0     0  0.00  0.00  0.00   0.0
   1 SPPI7902 BR    1  298 2013 331  1792     0  1792     0     0  0.00     0     0  0.00  0.00  0.00   0.0
   1 SPPI7902 BR    1  299 2013 359  1792     0  1792     0     0  0.00     0     0  0.00  0.00  0.00   0.0
   1 SPPI7902 BR    1  300 2014  22  1792     0  1792     0     0  0.00     0     0  0.00  0.00  0.00   0.0
   1 SPPI7902 BR    1  301 2014  50  1792     0  1792     0     0  0.00     0     0  0.00  0.00  0.00   0.0
   1 SPPI7902 BR    1  302 2014  78  1792     0  1792     0     0  0.00     0     0  0.00  0.00  0.00   0.0
   1 SPPI7902 BR    1  303 2014 134  1792     0  1792     0     0  0.00     0     0  0.00  0.00  0.00   0.0
   1 SPPI7902 BR    1  304 2014 190  1792     0  1792     0     0  0.00     0     0  0.00  0.00  0.00   0.0
   1 SPPI7902 BR    1  305 2014 246  1792     0  1792     0     0  0.00     0     0  0.00  0.00  0.00   0.0
   1 SPPI7902 BR    1  306 2014 302  1792     0  1792     0     0  0.00     0     0  0.00  0.00  0.00   0.0
   1 SPPI7902 BR    1  307 2014 330  1792     0  1792     0     0  0.00     0     0  0.00  0.00  0.00   0.0
   1 SPPI7902 BR    1  308 2014 358  1792     0  1792     0     0  0.00     0     0  0.00  0.00  0.00   0.0
   1 SPPI7902 BR    1  309 2015  21  1792     0  1792     0     0  0.00     0     0  0.00  0.00  0.00   0.0
   1 SPPI7902 BR    1  310 2015  49  1792     0  1792     0     0  0.00     0     0  0.00  0.00  0.00   0.0
   1 SPPI7902 BR    1  311 2015  77  1792     0  1792     0     0  0.00     0     0  0.00  0.00  0.00   0.0
   1 SPPI7902 BR    1  312 2015 105  1792     0  1792     0     0  0.00     0     0  0.00  0.00  0.00   0.0
   1 SPPI7902 BR    1  313 2015 161  1792     0  1792     0     0  0.00     0     0  0.00  0.00  0.00   0.0
   1 SPPI7902 BR    1  314 2015 217  1792     0  1792     0     0  0.00     0     0  0.00  0.00  0.00   0.0
   1 SPPI7902 BR    1  315 2015 273  1792     0  1792     0     0  0.00     0     0  0.00  0.00  0.00   0.0
   1 SPPI7902 BR    1  316 2015 329  1792     0  1792     0     0  0.00     0     0  0.00  0.00  0.00   0.0
   1 SPPI7902 BR    1  317 2015 357  1792     0  1792     0     0  0.00     0     0  0.00  0.00  0.00   0.0
   1 SPPI7902 BR    1  318 2016  20  1792     0  1792     0     0  0.00     0     0  0.00  0.00  0.00   0.0
   1 SPPI7902 BR    1  319 2016  48  1792     0  1792     0     0  0.00     0     0  0.00  0.00  0.00   0.0
   1 SPPI7902 BR    1  320 2016  76  1792     0  1792     0     0  0.00     0     0  0.00  0.00  0.00   0.0
   1 SPPI7902 BR    1  321 2016 104  1792     0  1792     0     0  0.00     0     0  0.00  0.00  0.00   0.0
   1 SPPI7902 BR    1  322 2016 160  1792     0  1792     0     0  0.00     0     0  0.00  0.00  0.00   0.0
   1 SPPI7902 BR    1  323 2016 216  1792     0  1792     0     0  0.00     0     0  0.00  0.00  0.00   0.0
   1 SPPI7902 BR    1  324 2016 272  1792     0  1792     0     0  0.00     0     0  0.00  0.00  0.00   0.0
   1 SPPI7902 BR    1  325 2016 328  1792     0  1792     0     0  0.00     0     0  0.00  0.00  0.00   0.0
   1 SPPI7902 BR    1  326 2016 356  1792     0  1792     0     0  0.00     0     0  0.00  0.00  0.00   0.0
